Started GET "/" for 127.0.0.1 at 2017-08-18 21:00:55 +0100
Processing by ApplicationController#hello as HTML
  Rendering html template
  Rendered html template (0.1ms)
Completed 200 OK in 394ms (Views: 11.0ms)


  [1m[35m (0.1ms)[0m  [1m[34mSELECT sqlite_version(*)[0m
  [1m[35m (14.8ms)[0m  [1m[35mCREATE TABLE "schema_migrations" ("version" varchar NOT NULL PRIMARY KEY)[0m
  [1m[35m (14.8ms)[0m  [1m[35mCREATE TABLE "ar_internal_metadata" ("key" varchar NOT NULL PRIMARY KEY, "value" varchar, "created_at" datetime NOT NULL, "updated_at" datetime NOT NULL)[0m
  [1m[35m (0.6ms)[0m  [1m[34mSELECT "schema_migrations"."version" FROM "schema_migrations" ORDER BY "schema_migrations"."version" ASC[0m
Migrating to CreateUsers (20170818200252)
  [1m[35m (0.1ms)[0m  [1m[36mbegin transaction[0m
  [1m[35m (2.4ms)[0m  [1m[35mCREATE TABLE "users" ("id" INTEGER PRIMARY KEY AUTOINCREMENT NOT NULL, "name" varchar, "email" varchar, "created_at" datetime NOT NULL, "updated_at" datetime NOT NULL)[0m
  [1m[35mSQL (0.5ms)[0m  [1m[32mINSERT INTO "schema_migrations" ("version") VALUES (?)[0m  [["version", "20170818200252"]]
  [1m[35m (17.2ms)[0m  [1m[36mcommit transaction[0m
  [1m[36mActiveRecord::InternalMetadata Load (0.8ms)[0m  [1m[34mSELECT  "ar_internal_metadata".* FROM "ar_internal_metadata" WHERE "ar_internal_metadata"."key" = ? LIMIT ?[0m  [["key", "environment"], ["LIMIT", 1]]
  [1m[35m (0.1ms)[0m  [1m[36mbegin transaction[0m
  [1m[35mSQL (2.1ms)[0m  [1m[32mINSERT INTO "ar_internal_metadata" ("key", "value", "created_at", "updated_at") VALUES (?, ?, ?, ?)[0m  [["key", "environment"], ["value", "development"], ["created_at", "2017-08-18 20:03:17.680722"], ["updated_at", "2017-08-18 20:03:17.680722"]]
  [1m[35m (16.4ms)[0m  [1m[36mcommit transaction[0m
  [1m[35m (1.3ms)[0m  [1m[34mSELECT "schema_migrations"."version" FROM "schema_migrations" ORDER BY "schema_migrations"."version" ASC[0m
Started GET "/" for 127.0.0.1 at 2017-08-18 21:04:31 +0100
  [1m[35m (0.6ms)[0m  [1m[34mSELECT "schema_migrations"."version" FROM "schema_migrations" ORDER BY "schema_migrations"."version" ASC[0m
Processing by ApplicationController#hello as HTML
  Rendering html template
  Rendered html template (0.1ms)
Completed 200 OK in 19ms (Views: 11.8ms | ActiveRecord: 0.0ms)


Started GET "/" for 127.0.0.1 at 2017-08-18 21:04:33 +0100
Processing by ApplicationController#hello as HTML
  Rendering html template
  Rendered html template (0.0ms)
Completed 200 OK in 2ms (Views: 1.7ms | ActiveRecord: 0.0ms)


Started GET "/users" for 127.0.0.1 at 2017-08-18 21:05:40 +0100
Processing by UsersController#index as HTML
  Rendering users/index.html.erb within layouts/application
  [1m[36mUser Load (0.7ms)[0m  [1m[34mSELECT "users".* FROM "users"[0m
  Rendered users/index.html.erb within layouts/application (8.9ms)
Completed 200 OK in 1915ms (Views: 1890.8ms | ActiveRecord: 2.6ms)


Started GET "/users/new" for 127.0.0.1 at 2017-08-18 21:05:47 +0100
Processing by UsersController#new as HTML
  Rendering users/new.html.erb within layouts/application
  Rendered users/_form.html.erb (41.2ms)
  Rendered users/new.html.erb within layouts/application (46.8ms)
Completed 200 OK in 163ms (Views: 136.5ms | ActiveRecord: 2.5ms)


Started POST "/users" for 127.0.0.1 at 2017-08-18 21:05:58 +0100
Processing by UsersController#create as HTML
  Parameters: {"utf8"=>"✓", "authenticity_token"=>"jhGIqv4VWmpEWraOsKelLVX8j++OQ5r83uo78ogA8U12q0kKfnd9N3ImDY3tP1/+ea06cjEDMSrr9hpqloBPMg==", "user"=>{"name"=>"chris", "email"=>"jhh@iuigiug.com"}, "commit"=>"Create User"}
  [1m[35m (0.2ms)[0m  [1m[36mbegin transaction[0m
  [1m[35mSQL (12.1ms)[0m  [1m[32mINSERT INTO "users" ("name", "email", "created_at", "updated_at") VALUES (?, ?, ?, ?)[0m  [["name", "chris"], ["email", "jhh@iuigiug.com"], ["created_at", "2017-08-18 20:05:58.328983"], ["updated_at", "2017-08-18 20:05:58.328983"]]
  [1m[35m (23.1ms)[0m  [1m[36mcommit transaction[0m
Redirected to http://localhost:3000/users/1
Completed 302 Found in 53ms (ActiveRecord: 35.4ms)


Started GET "/users/1" for 127.0.0.1 at 2017-08-18 21:05:58 +0100
Processing by UsersController#show as HTML
  Parameters: {"id"=>"1"}
  [1m[36mUser Load (0.6ms)[0m  [1m[34mSELECT  "users".* FROM "users" WHERE "users"."id" = ? LIMIT ?[0m  [["id", 1], ["LIMIT", 1]]
  Rendering users/show.html.erb within layouts/application
  Rendered users/show.html.erb within layouts/application (0.9ms)
Completed 200 OK in 88ms (Views: 70.3ms | ActiveRecord: 0.6ms)


Started GET "/users" for 127.0.0.1 at 2017-08-18 21:06:01 +0100
Processing by UsersController#index as HTML
  Rendering users/index.html.erb within layouts/application
  [1m[36mUser Load (0.8ms)[0m  [1m[34mSELECT "users".* FROM "users"[0m
  Rendered users/index.html.erb within layouts/application (2.9ms)
Completed 200 OK in 80ms (Views: 70.2ms | ActiveRecord: 0.8ms)


Started GET "/users/1/edit" for 127.0.0.1 at 2017-08-18 21:07:04 +0100
Processing by UsersController#edit as HTML
  Parameters: {"id"=>"1"}
  [1m[36mUser Load (2.5ms)[0m  [1m[34mSELECT  "users".* FROM "users" WHERE "users"."id" = ? LIMIT ?[0m  [["id", 1], ["LIMIT", 1]]
  Rendering users/edit.html.erb within layouts/application
  Rendered users/_form.html.erb (2.5ms)
  Rendered users/edit.html.erb within layouts/application (7.9ms)
Completed 200 OK in 100ms (Views: 79.3ms | ActiveRecord: 2.5ms)


Started PATCH "/users/1" for 127.0.0.1 at 2017-08-18 21:07:06 +0100
Processing by UsersController#update as HTML
  Parameters: {"utf8"=>"✓", "authenticity_token"=>"Sb2tnYoDcAdnMMQlppe+Vqovw8fqQWENZlRNGvlu4tCLu0VYCN2XSvKHmm/puzJjtO22+IAVUj6RD4QbnHdmAA==", "user"=>{"name"=>"chris", "email"=>"jhh@iuigiug.com"}, "commit"=>"Update User", "id"=>"1"}
  [1m[36mUser Load (0.9ms)[0m  [1m[34mSELECT  "users".* FROM "users" WHERE "users"."id" = ? LIMIT ?[0m  [["id", 1], ["LIMIT", 1]]
  [1m[35m (0.1ms)[0m  [1m[36mbegin transaction[0m
  [1m[35m (0.1ms)[0m  [1m[36mcommit transaction[0m
Redirected to http://localhost:3000/users/1
Completed 302 Found in 10ms (ActiveRecord: 1.2ms)


Started GET "/users/1" for 127.0.0.1 at 2017-08-18 21:07:06 +0100
Processing by UsersController#show as HTML
  Parameters: {"id"=>"1"}
  [1m[36mUser Load (0.9ms)[0m  [1m[34mSELECT  "users".* FROM "users" WHERE "users"."id" = ? LIMIT ?[0m  [["id", 1], ["LIMIT", 1]]
  Rendering users/show.html.erb within layouts/application
  Rendered users/show.html.erb within layouts/application (0.9ms)
Completed 200 OK in 92ms (Views: 79.4ms | ActiveRecord: 0.9ms)


Started GET "/users" for 127.0.0.1 at 2017-08-18 21:07:09 +0100
Processing by UsersController#index as HTML
  Rendering users/index.html.erb within layouts/application
  [1m[36mUser Load (0.8ms)[0m  [1m[34mSELECT "users".* FROM "users"[0m
  Rendered users/index.html.erb within layouts/application (2.8ms)
Completed 200 OK in 87ms (Views: 74.8ms | ActiveRecord: 0.8ms)


Started GET "/users/new" for 127.0.0.1 at 2017-08-18 21:07:12 +0100
Processing by UsersController#new as HTML
  Rendering users/new.html.erb within layouts/application
  Rendered users/_form.html.erb (2.3ms)
  Rendered users/new.html.erb within layouts/application (7.7ms)
Completed 200 OK in 97ms (Views: 75.0ms | ActiveRecord: 0.0ms)


Started POST "/users" for 127.0.0.1 at 2017-08-18 21:07:25 +0100
Processing by UsersController#create as HTML
  Parameters: {"utf8"=>"✓", "authenticity_token"=>"DtQ4Tx7flM2OjcBqjouif9IeWrwGcfge1yKbAgecPIn2bvnvnr2zkLjxe2nTE1is/k/vIbkxU8jiPrqaGRyC9g==", "user"=>{"name"=>"dave", "email"=>"dave@aws.com"}, "commit"=>"Create User"}
  [1m[35m (0.1ms)[0m  [1m[36mbegin transaction[0m
  [1m[35mSQL (4.8ms)[0m  [1m[32mINSERT INTO "users" ("name", "email", "created_at", "updated_at") VALUES (?, ?, ?, ?)[0m  [["name", "dave"], ["email", "dave@aws.com"], ["created_at", "2017-08-18 20:07:25.405421"], ["updated_at", "2017-08-18 20:07:25.405421"]]
  [1m[35m (24.3ms)[0m  [1m[36mcommit transaction[0m
Redirected to http://localhost:3000/users/2
Completed 302 Found in 44ms (ActiveRecord: 29.2ms)


Started GET "/users/2" for 127.0.0.1 at 2017-08-18 21:07:25 +0100
Processing by UsersController#show as HTML
  Parameters: {"id"=>"2"}
  [1m[36mUser Load (0.6ms)[0m  [1m[34mSELECT  "users".* FROM "users" WHERE "users"."id" = ? LIMIT ?[0m  [["id", 2], ["LIMIT", 1]]
  Rendering users/show.html.erb within layouts/application
  Rendered users/show.html.erb within layouts/application (0.7ms)
Completed 200 OK in 76ms (Views: 70.4ms | ActiveRecord: 0.6ms)


Started GET "/users" for 127.0.0.1 at 2017-08-18 21:07:31 +0100
Processing by UsersController#index as HTML
  Rendering users/index.html.erb within layouts/application
  [1m[36mUser Load (0.9ms)[0m  [1m[34mSELECT "users".* FROM "users"[0m
  Rendered users/index.html.erb within layouts/application (3.9ms)
Completed 200 OK in 91ms (Views: 72.2ms | ActiveRecord: 0.9ms)


  [1m[35m (0.6ms)[0m  [1m[34mSELECT "schema_migrations"."version" FROM "schema_migrations" ORDER BY "schema_migrations"."version" ASC[0m
Migrating to CreateMicroposts (20170818201333)
  [1m[35m (0.1ms)[0m  [1m[36mbegin transaction[0m
  [1m[35m (0.1ms)[0m  [1m[34mSELECT sqlite_version(*)[0m
  [1m[35m (6.4ms)[0m  [1m[35mCREATE TABLE "microposts" ("id" INTEGER PRIMARY KEY AUTOINCREMENT NOT NULL, "content" text, "user_id" integer, "created_at" datetime NOT NULL, "updated_at" datetime NOT NULL)[0m
  [1m[35mSQL (1.0ms)[0m  [1m[32mINSERT INTO "schema_migrations" ("version") VALUES (?)[0m  [["version", "20170818201333"]]
  [1m[35m (17.3ms)[0m  [1m[36mcommit transaction[0m
  [1m[36mActiveRecord::InternalMetadata Load (0.8ms)[0m  [1m[34mSELECT  "ar_internal_metadata".* FROM "ar_internal_metadata" WHERE "ar_internal_metadata"."key" = ? LIMIT ?[0m  [["key", "environment"], ["LIMIT", 1]]
  [1m[35m (0.1ms)[0m  [1m[36mbegin transaction[0m
  [1m[35m (0.0ms)[0m  [1m[36mcommit transaction[0m
  [1m[35m (0.8ms)[0m  [1m[34mSELECT "schema_migrations"."version" FROM "schema_migrations" ORDER BY "schema_migrations"."version" ASC[0m
Started GET "/microposts" for 127.0.0.1 at 2017-08-18 21:15:19 +0100
  [1m[35m (0.6ms)[0m  [1m[34mSELECT "schema_migrations"."version" FROM "schema_migrations" ORDER BY "schema_migrations"."version" ASC[0m
Processing by MicropostsController#index as HTML
  Rendering microposts/index.html.erb within layouts/application
  [1m[36mMicropost Load (0.5ms)[0m  [1m[34mSELECT "microposts".* FROM "microposts"[0m
  Rendered microposts/index.html.erb within layouts/application (7.0ms)
Completed 200 OK in 847ms (Views: 827.0ms | ActiveRecord: 2.0ms)


Started GET "/microposts/new" for 127.0.0.1 at 2017-08-18 21:15:23 +0100
Processing by MicropostsController#new as HTML
  Rendering microposts/new.html.erb within layouts/application
  Rendered microposts/_form.html.erb (53.5ms)
  Rendered microposts/new.html.erb within layouts/application (58.5ms)
Completed 200 OK in 172ms (Views: 154.1ms | ActiveRecord: 2.8ms)


Started POST "/microposts" for 127.0.0.1 at 2017-08-18 21:15:32 +0100
Processing by MicropostsController#create as HTML
  Parameters: {"utf8"=>"✓", "authenticity_token"=>"fpCgRtUxbV6BomRQ7fx3YR3bSlbXwJytHlzdMIloxgPTLrgfdUTYD01BpvPibWQT1Wa1dU6OI1AVqb85idmmnQ==", "micropost"=>{"content"=>"sklvklv", "user_id"=>"-5"}, "commit"=>"Create Micropost"}
  [1m[35m (0.1ms)[0m  [1m[36mbegin transaction[0m
  [1m[35mSQL (2.7ms)[0m  [1m[32mINSERT INTO "microposts" ("content", "user_id", "created_at", "updated_at") VALUES (?, ?, ?, ?)[0m  [["content", "sklvklv"], ["user_id", -5], ["created_at", "2017-08-18 20:15:32.607860"], ["updated_at", "2017-08-18 20:15:32.607860"]]
  [1m[35m (29.3ms)[0m  [1m[36mcommit transaction[0m
Redirected to http://localhost:3000/microposts/1
Completed 302 Found in 49ms (ActiveRecord: 32.2ms)


Started GET "/microposts/1" for 127.0.0.1 at 2017-08-18 21:15:32 +0100
Processing by MicropostsController#show as HTML
  Parameters: {"id"=>"1"}
  [1m[36mMicropost Load (0.8ms)[0m  [1m[34mSELECT  "microposts".* FROM "microposts" WHERE "microposts"."id" = ? LIMIT ?[0m  [["id", 1], ["LIMIT", 1]]
  Rendering microposts/show.html.erb within layouts/application
  Rendered microposts/show.html.erb within layouts/application (2.0ms)
Completed 200 OK in 111ms (Views: 82.8ms | ActiveRecord: 0.8ms)


Started GET "/microposts" for 127.0.0.1 at 2017-08-18 21:15:35 +0100
Processing by MicropostsController#index as HTML
  Rendering microposts/index.html.erb within layouts/application
  [1m[36mMicropost Load (0.9ms)[0m  [1m[34mSELECT "microposts".* FROM "microposts"[0m
  Rendered microposts/index.html.erb within layouts/application (4.2ms)
Completed 200 OK in 89ms (Views: 75.5ms | ActiveRecord: 0.9ms)


Started GET "/microposts/new" for 127.0.0.1 at 2017-08-18 21:15:38 +0100
Processing by MicropostsController#new as HTML
  Rendering microposts/new.html.erb within layouts/application
  Rendered microposts/_form.html.erb (3.3ms)
  Rendered microposts/new.html.erb within layouts/application (8.6ms)
Completed 200 OK in 92ms (Views: 81.1ms | ActiveRecord: 0.0ms)


Started POST "/microposts" for 127.0.0.1 at 2017-08-18 21:15:46 +0100
Processing by MicropostsController#create as HTML
  Parameters: {"utf8"=>"✓", "authenticity_token"=>"qiGs+s0AACaxWsaZ7G37F1l3sbB5AHdIaUO+gtrdPAcHn7SjbXW1d325BDrj/OhlkcpOk+BOyLVittyL2mxcmQ==", "micropost"=>{"content"=>"vvwvwv", "user_id"=>"1"}, "commit"=>"Create Micropost"}
  [1m[35m (0.1ms)[0m  [1m[36mbegin transaction[0m
  [1m[35mSQL (10.9ms)[0m  [1m[32mINSERT INTO "microposts" ("content", "user_id", "created_at", "updated_at") VALUES (?, ?, ?, ?)[0m  [["content", "vvwvwv"], ["user_id", 1], ["created_at", "2017-08-18 20:15:46.588923"], ["updated_at", "2017-08-18 20:15:46.588923"]]
  [1m[35m (27.5ms)[0m  [1m[36mcommit transaction[0m
Redirected to http://localhost:3000/microposts/2
Completed 302 Found in 53ms (ActiveRecord: 38.5ms)


Started GET "/microposts/2" for 127.0.0.1 at 2017-08-18 21:15:46 +0100
Processing by MicropostsController#show as HTML
  Parameters: {"id"=>"2"}
  [1m[36mMicropost Load (1.7ms)[0m  [1m[34mSELECT  "microposts".* FROM "microposts" WHERE "microposts"."id" = ? LIMIT ?[0m  [["id", 2], ["LIMIT", 1]]
  Rendering microposts/show.html.erb within layouts/application
  Rendered microposts/show.html.erb within layouts/application (1.0ms)
Completed 200 OK in 84ms (Views: 74.6ms | ActiveRecord: 1.7ms)


Started GET "/microposts" for 127.0.0.1 at 2017-08-18 21:15:49 +0100
Processing by MicropostsController#index as HTML
  Rendering microposts/index.html.erb within layouts/application
  [1m[36mMicropost Load (0.8ms)[0m  [1m[34mSELECT "microposts".* FROM "microposts"[0m
  Rendered microposts/index.html.erb within layouts/application (4.4ms)
Completed 200 OK in 93ms (Views: 81.7ms | ActiveRecord: 0.8ms)


Started GET "/microposts" for 127.0.0.1 at 2017-08-18 21:18:29 +0100
  [1m[35m (0.7ms)[0m  [1m[34mSELECT "schema_migrations"."version" FROM "schema_migrations" ORDER BY "schema_migrations"."version" ASC[0m
Processing by MicropostsController#index as HTML
  Rendering microposts/index.html.erb within layouts/application
  [1m[36mMicropost Load (0.5ms)[0m  [1m[34mSELECT "microposts".* FROM "microposts"[0m
  Rendered microposts/index.html.erb within layouts/application (20.2ms)
Completed 200 OK in 445ms (Views: 413.6ms | ActiveRecord: 3.6ms)


Started GET "/users" for 127.0.0.1 at 2017-08-18 21:18:38 +0100
Processing by UsersController#index as HTML
  Rendering users/index.html.erb within layouts/application
  [1m[36mUser Load (0.9ms)[0m  [1m[34mSELECT "users".* FROM "users"[0m
  Rendered users/index.html.erb within layouts/application (17.0ms)
Completed 200 OK in 124ms (Views: 101.9ms | ActiveRecord: 4.6ms)


Started GET "/users/1" for 127.0.0.1 at 2017-08-18 21:18:41 +0100
Processing by UsersController#show as HTML
  Parameters: {"id"=>"1"}
  [1m[36mUser Load (0.9ms)[0m  [1m[34mSELECT  "users".* FROM "users" WHERE "users"."id" = ? LIMIT ?[0m  [["id", 1], ["LIMIT", 1]]
  Rendering users/show.html.erb within layouts/application
  Rendered users/show.html.erb within layouts/application (1.3ms)
Completed 200 OK in 108ms (Views: 94.4ms | ActiveRecord: 0.9ms)


  [1m[36mUser Load (0.6ms)[0m  [1m[34mSELECT  "users".* FROM "users" ORDER BY "users"."id" ASC LIMIT ?[0m  [["LIMIT", 1]]
  [1m[36mMicropost Load (0.5ms)[0m  [1m[34mSELECT  "microposts".* FROM "microposts" WHERE "microposts"."user_id" = ? LIMIT ?[0m  [["user_id", 1], ["LIMIT", 11]]
Started GET "/" for 127.0.0.1 at 2017-08-21 08:02:54 +0100
  [1m[35m (0.6ms)[0m  [1m[34mSELECT "schema_migrations"."version" FROM "schema_migrations" ORDER BY "schema_migrations"."version" ASC[0m
Processing by UsersController#index as HTML
Completed 500 Internal Server Error in 44ms (ActiveRecord: 0.0ms)


  
NameError (uninitialized constant User::FILL_IN):
  
app/models/user.rb:3:in `<class:User>'
app/models/user.rb:1:in `<top (required)>'
app/controllers/users_controller.rb:7:in `index'
Started GET "/users" for 127.0.0.1 at 2017-08-21 08:03:41 +0100
Processing by UsersController#index as HTML
Completed 500 Internal Server Error in 13ms (ActiveRecord: 0.0ms)


  
NameError (uninitialized constant User::FILL_IN):
  
app/models/user.rb:3:in `<class:User>'
app/models/user.rb:1:in `<top (required)>'
app/controllers/users_controller.rb:7:in `index'
Started GET "/" for 127.0.0.1 at 2017-08-21 08:05:12 +0100
  [1m[35m (0.6ms)[0m  [1m[34mSELECT "schema_migrations"."version" FROM "schema_migrations" ORDER BY "schema_migrations"."version" ASC[0m
Processing by UsersController#index as HTML
Completed 500 Internal Server Error in 32ms (ActiveRecord: 0.0ms)


  
NameError (uninitialized constant User::FILL_IN):
  
app/models/user.rb:3:in `<class:User>'
app/models/user.rb:1:in `<top (required)>'
app/controllers/users_controller.rb:7:in `index'
Started GET "/" for 127.0.0.1 at 2017-08-21 08:05:47 +0100
  [1m[35m (0.6ms)[0m  [1m[34mSELECT "schema_migrations"."version" FROM "schema_migrations" ORDER BY "schema_migrations"."version" ASC[0m
Processing by UsersController#index as HTML
  Rendering users/index.html.erb within layouts/application
  [1m[36mUser Load (1.0ms)[0m  [1m[34mSELECT "users".* FROM "users"[0m
  Rendered users/index.html.erb within layouts/application (32.2ms)
Completed 200 OK in 606ms (Views: 568.3ms | ActiveRecord: 3.6ms)


Started GET "/users/new" for 127.0.0.1 at 2017-08-21 08:05:58 +0100
Processing by UsersController#new as HTML
  Rendering users/new.html.erb within layouts/application
  Rendered users/_form.html.erb (74.8ms)
  Rendered users/new.html.erb within layouts/application (82.6ms)
Completed 200 OK in 189ms (Views: 180.3ms | ActiveRecord: 0.0ms)


Started GET "/users" for 127.0.0.1 at 2017-08-21 08:06:01 +0100
Processing by UsersController#index as HTML
  Rendering users/index.html.erb within layouts/application
  [1m[36mUser Load (0.6ms)[0m  [1m[34mSELECT "users".* FROM "users"[0m
  Rendered users/index.html.erb within layouts/application (7.0ms)
Completed 200 OK in 109ms (Views: 99.5ms | ActiveRecord: 1.3ms)


